2024-04-04T20:57:13.444+07:00  INFO 12448 --- [restartedMain] c.e.BookStore.BookStoreApplication       : Starting BookStoreApplication using Java 17.0.9 with PID 12448 (C:\Users\Admin\Desktop\test_render\target\classes started by Admin in C:\Users\Admin\Desktop\test_render)
2024-04-04T20:57:13.467+07:00  INFO 12448 --- [restartedMain] c.e.BookStore.BookStoreApplication       : No active profile set, falling back to 1 default profile: "default"
2024-04-04T20:57:14.092+07:00  INFO 12448 --- [restartedMain] .e.DevToolsPropertyDefaultsPostProcessor : Devtools property defaults active! Set 'spring.devtools.add-properties' to 'false' to disable
2024-04-04T20:57:14.093+07:00  INFO 12448 --- [restartedMain] .e.DevToolsPropertyDefaultsPostProcessor : For additional web related logging consider setting the 'logging.level.web' property to 'DEBUG'
2024-04-04T20:57:16.019+07:00  INFO 12448 --- [restartedMain] .s.d.r.c.RepositoryConfigurationDelegate : Bootstrapping Spring Data JPA repositories in DEFAULT mode.
2024-04-04T20:57:16.236+07:00  INFO 12448 --- [restartedMain] .s.d.r.c.RepositoryConfigurationDelegate : Finished Spring Data repository scanning in 194 ms. Found 10 JPA repository interfaces.
2024-04-04T20:57:17.577+07:00  INFO 12448 --- [restartedMain] o.s.b.w.embedded.tomcat.TomcatWebServer  : Tomcat initialized with port(s): 8080 (http)
2024-04-04T20:57:17.601+07:00  INFO 12448 --- [restartedMain] o.apache.catalina.core.StandardService   : Starting service [Tomcat]
2024-04-04T20:57:17.603+07:00  INFO 12448 --- [restartedMain] o.apache.catalina.core.StandardEngine    : Starting Servlet engine: [Apache Tomcat/10.1.15]
2024-04-04T20:57:17.818+07:00  INFO 12448 --- [restartedMain] o.a.c.c.C.[Tomcat].[localhost].[/]       : Initializing Spring embedded WebApplicationContext
2024-04-04T20:57:17.819+07:00  INFO 12448 --- [restartedMain] w.s.c.ServletWebServerApplicationContext : Root WebApplicationContext: initialization completed in 3723 ms
2024-04-04T20:57:18.112+07:00  INFO 12448 --- [restartedMain] com.zaxxer.hikari.HikariDataSource       : HikariPool-1 - Starting...
2024-04-04T20:57:18.374+07:00  INFO 12448 --- [restartedMain] com.zaxxer.hikari.pool.HikariPool        : HikariPool-1 - Added connection com.mysql.cj.jdbc.ConnectionImpl@301bb2ea
2024-04-04T20:57:18.378+07:00  INFO 12448 --- [restartedMain] com.zaxxer.hikari.HikariDataSource       : HikariPool-1 - Start completed.
2024-04-04T20:57:18.449+07:00  INFO 12448 --- [restartedMain] o.hibernate.jpa.internal.util.LogHelper  : HHH000204: Processing PersistenceUnitInfo [name: default]
2024-04-04T20:57:18.589+07:00  INFO 12448 --- [restartedMain] org.hibernate.Version                    : HHH000412: Hibernate ORM core version 6.1.7.Final
2024-04-04T20:57:19.163+07:00  INFO 12448 --- [restartedMain] SQL dialect                              : HHH000400: Using dialect: org.hibernate.dialect.MySQL8Dialect
2024-04-04T20:57:19.167+07:00  WARN 12448 --- [restartedMain] org.hibernate.orm.deprecation            : HHH90000026: MySQL8Dialect has been deprecated; use org.hibernate.dialect.MySQLDialect instead
2024-04-04T20:57:20.934+07:00  INFO 12448 --- [restartedMain] o.h.e.t.j.p.i.JtaPlatformInitiator       : HHH000490: Using JtaPlatform implementation: [org.hibernate.engine.transaction.jta.platform.internal.NoJtaPlatform]
2024-04-04T20:57:20.961+07:00  INFO 12448 --- [restartedMain] j.LocalContainerEntityManagerFactoryBean : Initialized JPA EntityManagerFactory for persistence unit 'default'
2024-04-04T20:57:22.852+07:00  WARN 12448 --- [restartedMain] JpaBaseConfiguration$JpaWebConfiguration : spring.jpa.open-in-view is enabled by default. Therefore, database queries may be performed during view rendering. Explicitly configure spring.jpa.open-in-view to disable this warning
2024-04-04T20:57:23.432+07:00  INFO 12448 --- [restartedMain] o.s.s.web.DefaultSecurityFilterChain     : Will secure any request with [org.springframework.security.web.session.DisableEncodeUrlFilter@21937859, org.springframework.security.web.context.request.async.WebAsyncManagerIntegrationFilter@648f2d08, org.springframework.security.web.context.SecurityContextHolderFilter@38f3516f, org.springframework.security.web.header.HeaderWriterFilter@544a6a85, org.springframework.security.web.authentication.logout.LogoutFilter@4df79074, com.example.BookStore.JWTFilter@36a4414e, org.springframework.security.web.authentication.www.BasicAuthenticationFilter@335ed0eb, org.springframework.security.web.savedrequest.RequestCacheAwareFilter@2212b763, org.springframework.security.web.servletapi.SecurityContextHolderAwareRequestFilter@77b318c0, org.springframework.security.web.authentication.AnonymousAuthenticationFilter@2f5d3d2f, org.springframework.security.web.session.SessionManagementFilter@5c6da542, org.springframework.security.web.access.ExceptionTranslationFilter@9e7132e, org.springframework.security.web.access.intercept.FilterSecurityInterceptor@32b9ced4]
2024-04-04T20:57:23.873+07:00  INFO 12448 --- [restartedMain] o.s.b.d.a.OptionalLiveReloadServer       : LiveReload server is running on port 35729
2024-04-04T20:57:23.976+07:00  INFO 12448 --- [restartedMain] o.s.b.w.embedded.tomcat.TomcatWebServer  : Tomcat started on port(s): 8080 (http) with context path ''
2024-04-04T20:57:24.030+07:00  INFO 12448 --- [restartedMain] c.e.BookStore.BookStoreApplication       : Started BookStoreApplication in 11.319 seconds (process running for 12.475)
